<?xml version="1.0" encoding="UTF-8"?>
<!-- Generated by org.testng.reporters.JUnitXMLReporter -->
<testsuite ignored="0" hostname="LAPTOP-FL730MCA" failures="0" tests="3" name="Test" time="21.132" errors="0" timestamp="2020-08-26T12:33:14 PDT">
  <testcase classname="com.testCase.LoginTestCase" name="login" time="2.649"/>
  <testcase classname="com.testCase.AdminTestCase" name="login" time="2.7"/>
  <testcase classname="com.testCase.AdminTestCase" name="adminClick" time="2.219"/>
</testsuite> <!-- Test -->
